<?xml version="1.0" encoding="UTF-8"?>
<!-- Generated by org.testng.reporters.JUnitReportReporter -->
<testsuite hostname="DESKTOP-U92U93D" failures="0" tests="1" name="Login" time="13.453" errors="0" timestamp="2024-02-29T19:38:11 IST" skipped="0">
  <testcase classname="Login" name="testlogin" time="13.453"/>
</testsuite> <!-- Login -->
