<?xml version="1.0" encoding="UTF-8"?>
<!-- Generated by org.testng.reporters.JUnitReportReporter -->
<testsuite hostname="DESKTOP-U92U93D" failures="0" tests="1" name="logout" time="16.409" errors="0" timestamp="2024-02-29T19:48:24 IST" skipped="0">
  <testcase classname="logout" name="testlogin" time="16.409"/>
</testsuite> <!-- logout -->
