<?xml version="1.0" encoding="UTF-8"?>
<!-- Generated by org.testng.reporters.JUnitReportReporter -->
<testsuite hostname="DESKTOP-U92U93D" failures="0" tests="1" name="Job" time="20.265" errors="0" timestamp="2024-02-29T22:03:54 IST" skipped="0">
  <testcase classname="Job" name="jobs" time="20.265"/>
</testsuite> <!-- Job -->
