<?xml version="1.0" encoding="UTF-8"?>
<!-- Generated by org.testng.reporters.JUnitReportReporter -->
<testsuite hostname="DESKTOP-U92U93D" failures="0" tests="1" name="Attachments" time="20.033" errors="0" timestamp="2024-02-29T22:07:12 IST" skipped="0">
  <testcase classname="Attachments" name="AddAttach" time="20.033"/>
</testsuite> <!-- Attachments -->
