<?xml version="1.0" encoding="UTF-8"?>
<!-- Generated by org.testng.reporters.JUnitReportReporter -->
<testsuite hostname="DESKTOP-U92U93D" failures="0" tests="1" name="Immigration" time="14.311" errors="0" timestamp="2024-02-29T19:53:10 IST" skipped="0">
  <testcase classname="Immigration" name="testlogin" time="14.311"/>
</testsuite> <!-- Immigration -->
